2024-05-16T10:16:09.120Z In(05) vmx Log for VMware Workstation pid=16888 version=17.5.1 build=build-23298084 option=Release
2024-05-16T10:16:09.120Z In(05) vmx The host is x86_64.
2024-05-16T10:16:09.120Z In(05) vmx Host codepage=windows-1254 encoding=windows-1254
2024-05-16T10:16:09.120Z In(05) vmx Host is Windows 11 Home, 64-bit (Build 22631.3593)
2024-05-16T10:16:09.120Z In(05) vmx Host offset from UTC is -03:00.
2024-05-16T10:16:09.104Z In(05) vmx VTHREAD 16152 "vmx"
2024-05-16T10:16:09.104Z In(05) vmx LOCALE windows-1254 -> NULL User=41f System=41f
2024-05-16T10:16:09.104Z In(05) vmx Msg_SetLocaleEx: HostLocale=windows-1254 UserLocale=NULL
2024-05-16T10:16:09.120Z In(05) vmx DictionaryLoad: Cannot open file "C:\Users\kesec\AppData\Roaming\VMware\config.ini": The system cannot find the file specified.
2024-05-16T10:16:09.120Z In(05) vmx Msg_Reset:
2024-05-16T10:16:09.120Z In(05) vmx [msg.dictionary.load.openFailed] Cannot open file "C:\Users\kesec\AppData\Roaming\VMware\config.ini": The system cannot find the file specified.
2024-05-16T10:16:09.120Z In(05) vmx ----------------------------------------
2024-05-16T10:16:09.120Z In(05) vmx ConfigDB: Failed to load C:\Users\kesec\AppData\Roaming\VMware\config.ini
2024-05-16T10:16:09.120Z In(05) vmx Win32U_GetFileAttributes: GetFileAttributesExW("C:\Users\kesec\Downloads\Kioptix Level 1\Kioptix Level 1.vmpl", ...) failed, error: 2
2024-05-16T10:16:09.120Z In(05) vmx OBJLIB-LIB: Objlib initialized.
2024-05-16T10:16:09.120Z In(05) vmx DictionaryLoad: Cannot open file "C:\Users\kesec\AppData\Roaming\VMware\config.ini": The system cannot find the file specified.
2024-05-16T10:16:09.120Z In(05) vmx [msg.dictionary.load.openFailed] Cannot open file "C:\Users\kesec\AppData\Roaming\VMware\config.ini": The system cannot find the file specified.
2024-05-16T10:16:09.120Z In(05) vmx PREF Optional preferences file not found at C:\Users\kesec\AppData\Roaming\VMware\config.ini. Using default values.
2024-05-16T10:16:09.120Z In(05) vmx SSL Error: error:80000002:system library::No such file or directory
2024-05-16T10:16:09.120Z In(05) vmx SSL Error: error:10000080:BIO routines::no such file
2024-05-16T10:16:09.120Z In(05) vmx SSL Error: error:07000072:configuration file routines::no such file
2024-05-16T10:16:09.120Z Wa(03) vmx SSLConfigLoad: Failed to load OpenSSL config file.
2024-05-16T10:16:09.120Z In(05) vmx lib/ssl: OpenSSL using default provider
2024-05-16T10:16:09.120Z In(05) vmx lib/ssl: Client usage
2024-05-16T10:16:09.120Z In(05) vmx lib/ssl: protocol list tls1.2
2024-05-16T10:16:09.120Z In(05) vmx lib/ssl: protocol min 0x303 max 0x303
2024-05-16T10:16:09.120Z In(05) vmx lib/ssl: protocol list tls1.2 (openssl flags 0x36000000)
2024-05-16T10:16:09.120Z In(05) vmx lib/ssl: cipher list ECDHE+AESGCM:RSA+AESGCM:ECDHE+AES:RSA+AES
2024-05-16T10:16:09.120Z In(05) vmx lib/ssl: cipher suites TLS_AES_128_GCM_SHA256:TLS_AES_256_GCM_SHA384
2024-05-16T10:16:09.120Z In(05) vmx lib/ssl: curves list prime256v1:secp384r1:secp521r1
2024-05-16T10:16:09.120Z In(05) vmx lib/ssl: Server usage
2024-05-16T10:16:09.120Z In(05) vmx lib/ssl: protocol list tls1.2
2024-05-16T10:16:09.120Z In(05) vmx lib/ssl: protocol min 0x303 max 0x303
2024-05-16T10:16:09.120Z In(05) vmx lib/ssl: protocol list tls1.2 (openssl flags 0x36000000)
2024-05-16T10:16:09.120Z In(05) vmx lib/ssl: cipher list ECDHE+AESGCM:RSA+AESGCM:ECDHE+AES:RSA+AES
2024-05-16T10:16:09.120Z In(05) vmx lib/ssl: cipher suites TLS_AES_128_GCM_SHA256:TLS_AES_256_GCM_SHA384
2024-05-16T10:16:09.120Z In(05) vmx lib/ssl: curves list prime256v1:secp384r1:secp521r1
2024-05-16T10:16:09.120Z In(05) vmx Hostname=DESKTOP-3G3IB98
2024-05-16T10:16:09.136Z In(05) vmx IP=fe80::46a4:e963:914e:272e%2
2024-05-16T10:16:09.136Z In(05) vmx IP=192.168.235.81
2024-05-16T10:16:09.136Z In(05) vmx IP=fe80::ad81:e1a6:c69d:5a5c%19
2024-05-16T10:16:09.136Z In(05) vmx IP=fe80::50eb:65d9:7be2:3d8e%15
2024-05-16T10:16:09.136Z In(05) vmx IP=192.168.218.1
2024-05-16T10:16:09.136Z In(05) vmx IP=192.168.40.1
2024-05-16T10:16:09.167Z In(05) vmx System uptime 1078784800 us
2024-05-16T10:16:09.167Z In(05) vmx Command line: "C:\Program Files (x86)\VMware\VMware Workstation\x64\vmware-vmx.exe" "-T" "querytoken" "-s" "vmx.stdio.keep=TRUE" "-#" "product=1;name=VMware Workstation;version=17.5.1;buildnumber=23298084;licensename=VMware Workstation;licenseversion=17.0;" "-@" "pipe=\\.\pipe\vmxef29de2025f410c1;msgs=ui" "C:\Users\kesec\Downloads\Kioptix Level 1\Kioptix Level 1.vmx"
2024-05-16T10:16:09.167Z In(05) vmx Msg_SetLocaleEx: HostLocale=windows-1254 UserLocale=NULL
2024-05-16T10:16:09.182Z In(05) vmx WQPoolAllocPoll : pollIx = 1, signalHandle = 876
2024-05-16T10:16:09.182Z In(05) vmx WQPoolAllocPoll : pollIx = 2, signalHandle = 884
2024-05-16T10:16:09.182Z In(05) vmx VigorTransport listening on fd 828
2024-05-16T10:16:09.182Z In(05) vmx Vigor_Init 1
2024-05-16T10:16:09.182Z In(05) vmx Connecting 'ui' to pipe '\\.\pipe\vmxef29de2025f410c1' with user '(null)'
2024-05-16T10:16:09.182Z In(05) vmx VMXVmdb: Local connection timeout: 60000 ms.
2024-05-16T10:16:09.214Z In(05) vmx VmdbAddConnection: cnxPath=/db/connection/#1/, cnxIx=1
2024-05-16T10:16:09.214Z In(05) vmx Vix: [mainDispatch.c:488]: VMAutomation: Initializing VMAutomation.
2024-05-16T10:16:09.214Z In(05) vmx Vix: [mainDispatch.c:740]: VMAutomationOpenListenerSocket() listening
2024-05-16T10:16:09.214Z In(05) vmx Vix: [mainDispatch.c:4212]: VMAutomation_ReportPowerOpFinished: statevar=0, newAppState=1870, success=1 additionalError=0
2024-05-16T10:16:09.214Z In(05) vmx Transitioned vmx/execState/val to poweredOff
2024-05-16T10:16:09.214Z In(05) vmx Vix: [mainDispatch.c:4212]: VMAutomation_ReportPowerOpFinished: statevar=1, newAppState=1873, success=1 additionalError=0
2024-05-16T10:16:09.214Z In(05) vmx Vix: [mainDispatch.c:4212]: VMAutomation_ReportPowerOpFinished: statevar=2, newAppState=1877, success=1 additionalError=0
2024-05-16T10:16:09.214Z In(05) vmx Vix: [mainDispatch.c:4212]: VMAutomation_ReportPowerOpFinished: statevar=3, newAppState=1881, success=1 additionalError=0
2024-05-16T10:16:09.214Z In(05) vmx IOPL_Init: Hyper-V detected by CPUID
2024-05-16T10:16:09.214Z In(05) vmx IOCTL_VMX86_SET_MEMORY_PARAMS already set
2024-05-16T10:16:09.214Z In(05) vmx FeatureCompat: No EVC masks.
2024-05-16T10:16:09.229Z In(05) vmx hostCPUID vendor: GenuineIntel
2024-05-16T10:16:09.229Z In(05) vmx hostCPUID family: 0x6 model: 0x8d stepping: 0x1
2024-05-16T10:16:09.229Z In(05) vmx hostCPUID codename: Tiger Lake
2024-05-16T10:16:09.229Z In(05) vmx hostCPUID name: 11th Gen Intel(R) Core(TM) i7-11800H @ 2.30GHz
2024-05-16T10:16:09.229Z In(05) vmx hostCPUID level 00000000, 0: 0x0000001b 0x756e6547 0x6c65746e 0x49656e69
2024-05-16T10:16:09.229Z In(05) vmx hostCPUID level 00000001, 0: 0x000806d1 0x00100800 0xfffaf38f 0xbfebfbff
2024-05-16T10:16:09.229Z In(05) vmx hostCPUID level 00000002, 0: 0x00feff01 0x000000f0 0x00000000 0x00000000
2024-05-16T10:16:09.229Z In(05) vmx hostCPUID level 00000003, 0: 0x00000000 0x00000000 0x00000000 0x00000000
2024-05-16T10:16:09.229Z In(05) vmx hostCPUID level 00000004, 0: 0x1c004121 0x02c0003f 0x0000003f 0x00000000
2024-05-16T10:16:09.229Z In(05) vmx hostCPUID level 00000004, 1: 0x1c004122 0x01c0003f 0x0000003f 0x00000000
2024-05-16T10:16:09.229Z In(05) vmx hostCPUID level 00000004, 2: 0x1c004143 0x04c0003f 0x000003ff 0x00000000
2024-05-16T10:16:09.229Z In(05) vmx hostCPUID level 00000004, 3: 0x1c03c163 0x02c0003f 0x00007fff 0x00000004
2024-05-16T10:16:09.229Z In(05) vmx hostCPUID level 00000004, 4: 0x00000000 0x00000000 0x00000000 0x00000000
2024-05-16T10:16:09.229Z In(05) vmx hostCPUID level 00000005, 0: 0x00000040 0x00000040 0x00000003 0x00021020
2024-05-16T10:16:09.229Z In(05) vmx hostCPUID level 00000006, 0: 0x00178ff3 0x00000002 0x00000009 0x00000000
2024-05-16T10:16:09.229Z In(05) vmx hostCPUID level 00000007, 0: 0x00000000 0xf3bfa7a9 0x18405fc6 0xbc100510
2024-05-16T10:16:09.229Z In(05) vmx hostCPUID level 00000008, 0: 0x00000000 0x00000000 0x00000000 0x00000000
2024-05-16T10:16:09.229Z In(05) vmx hostCPUID level 00000009, 0: 0x00000000 0x00000000 0x00000000 0x00000000
2024-05-16T10:16:09.229Z In(05) vmx hostCPUID level 0000000a, 0: 0x08300805 0x00000000 0x0000000f 0x00008604
2024-05-16T10:16:09.229Z In(05) vmx hostCPUID level 0000000b, 0: 0x00000001 0x00000002 0x00000100 0x00000000
2024-05-16T10:16:09.229Z In(05) vmx hostCPUID level 0000000b, 1: 0x00000004 0x00000010 0x00000201 0x00000000
2024-05-16T10:16:09.229Z In(05) vmx hostCPUID level 0000000b, 2: 0x00000000 0x00000000 0x00000002 0x00000000
2024-05-16T10:16:09.229Z In(05) vmx hostCPUID level 0000000c, 0: 0x00000000 0x00000000 0x00000000 0x00000000
2024-05-16T10:16:09.229Z In(05) vmx hostCPUID level 0000000d, 0: 0x000000e7 0x00000a80 0x00000a80 0x00000000
2024-05-16T10:16:09.229Z In(05) vmx hostCPUID level 0000000d, 1: 0x0000000f 0x00000990 0x00001800 0x00000000
2024-05-16T10:16:09.229Z In(05) vmx hostCPUID level 0000000d, 2: 0x00000100 0x00000240 0x00000000 0x00000000
2024-05-16T10:16:09.229Z In(05) vmx hostCPUID level 0000000d, 3: 0x00000000 0x00000000 0x00000000 0x00000000
2024-05-16T10:16:09.229Z In(05) vmx hostCPUID level 0000000d, 4: 0x00000000 0x00000000 0x00000000 0x00000000
2024-05-16T10:16:09.229Z In(05) vmx hostCPUID level 0000000d, 5: 0x00000040 0x00000440 0x00000000 0x00000000
2024-05-16T10:16:09.229Z In(05) vmx hostCPUID level 0000000d, 6: 0x00000200 0x00000480 0x00000000 0x00000000
2024-05-16T10:16:09.229Z In(05) vmx hostCPUID level 0000000d, 7: 0x00000400 0x00000680 0x00000000 0x00000000
2024-05-16T10:16:09.229Z In(05) vmx hostCPUID level 0000000d, 8: 0x00000000 0x00000000 0x00000000 0x00000000
2024-05-16T10:16:09.229Z In(05) vmx hostCPUID level 0000000d, 9: 0x00000000 0x00000000 0x00000000 0x00000000
2024-05-16T10:16:09.229Z In(05) vmx hostCPUID level 0000000d, a: 0x00000000 0x00000000 0x00000000 0x00000000
2024-05-16T10:16:09.229Z In(05) vmx hostCPUID level 0000000d, b: 0x00000010 0x00000000 0x00000001 0x00000000
2024-05-16T10:16:09.229Z In(05) vmx hostCPUID level 0000000d, c: 0x00000018 0x00000000 0x00000001 0x00000000
2024-05-16T10:16:09.229Z In(05) vmx hostCPUID level 0000000e, 0: 0x00000000 0x00000000 0x00000000 0x00000000
2024-05-16T10:16:09.229Z In(05) vmx hostCPUID level 0000000f, 0: 0x00000000 0x00000000 0x00000000 0x00000000
2024-05-16T10:16:09.229Z In(05) vmx hostCPUID level 0000000f, 1: 0x00000000 0x00000000 0x00000000 0x00000000
2024-05-16T10:16:09.229Z In(05) vmx hostCPUID level 00000010, 0: 0x00000000 0x00000000 0x00000000 0x00000000
2024-05-16T10:16:09.229Z In(05) vmx hostCPUID level 00000010, 1: 0x00000000 0x00000000 0x00000000 0x00000000
2024-05-16T10:16:09.229Z In(05) vmx hostCPUID level 00000010, 2: 0x00000000 0x00000000 0x00000000 0x00000000
2024-05-16T10:16:09.229Z In(05) vmx hostCPUID level 00000010, 3: 0x00000000 0x00000000 0x00000000 0x00000000
2024-05-16T10:16:09.229Z In(05) vmx hostCPUID level 00000011, 0: 0x00000000 0x00000000 0x00000000 0x00000000
2024-05-16T10:16:09.229Z In(05) vmx hostCPUID level 00000012, 0: 0x00000000 0x00000000 0x00000000 0x00000000
2024-05-16T10:16:09.229Z In(05) vmx hostCPUID level 00000012, 1: 0x00000000 0x00000000 0x00000000 0x00000000
2024-05-16T10:16:09.229Z In(05) vmx hostCPUID level 00000012, 2: 0x00000000 0x00000000 0x00000000 0x00000000
2024-05-16T10:16:09.229Z In(05) vmx hostCPUID level 00000012, 3: 0x00000000 0x00000000 0x00000000 0x00000000
2024-05-16T10:16:09.229Z In(05) vmx hostCPUID level 00000013, 0: 0x00000000 0x00000000 0x00000000 0x00000000
2024-05-16T10:16:09.229Z In(05) vmx hostCPUID level 00000014, 0: 0x00000001 0x0000004f 0x00000007 0x00000000
2024-05-16T10:16:09.229Z In(05) vmx hostCPUID level 00000014, 1: 0x02490002 0x003f1fff 0x00000000 0x00000000
2024-05-16T10:16:09.229Z In(05) vmx hostCPUID level 00000015, 0: 0x00000002 0x00000078 0x0249f000 0x00000000
2024-05-16T10:16:09.229Z In(05) vmx hostCPUID level 00000016, 0: 0x00000000 0x00000000 0x00000000 0x00000000
2024-05-16T10:16:09.229Z In(05) vmx hostCPUID level 00000017, 0: 0x00000000 0x00000000 0x00000000 0x00000000
2024-05-16T10:16:09.229Z In(05) vmx hostCPUID level 00000018, 0: 0x00000000 0x00000000 0x00000000 0x00000000
2024-05-16T10:16:09.229Z In(05) vmx hostCPUID level 00000019, 0: 0x00000000 0x00000000 0x00000000 0x00000000
2024-05-16T10:16:09.229Z In(05) vmx hostCPUID level 0000001a, 0: 0x00000000 0x00000000 0x00000000 0x00000000
2024-05-16T10:16:09.229Z In(05) vmx hostCPUID level 0000001b, 0: 0x00000000 0x00000000 0x00000000 0x00000000
2024-05-16T10:16:09.229Z In(05) vmx hostCPUID level 40000000, 0: 0x4000000c 0x7263694d 0x666f736f 0x76482074
2024-05-16T10:16:09.229Z In(05) vmx hostCPUID level 40000001, 0: 0x31237648 0x00000000 0x00000000 0x00000000
2024-05-16T10:16:09.229Z In(05) vmx hostCPUID level 40000002, 0: 0x0000585d 0x000a0000 0x00000003 0x00000e09
2024-05-16T10:16:09.229Z In(05) vmx hostCPUID level 40000003, 0: 0x0000bfff 0x002bb9ff 0x00000062 0x75fefbf6
2024-05-16T10:16:09.229Z In(05) vmx hostCPUID level 40000004, 0: 0x00060e14 0x00000000 0x0000002e 0x00000000
2024-05-16T10:16:09.229Z In(05) vmx hostCPUID level 40000005, 0: 0x00000400 0x00000400 0x00000bc0 0x00000000
2024-05-16T10:16:09.229Z In(05) vmx hostCPUID level 40000006, 0: 0x01f200af 0x00000027 0x00000000 0x00000000
2024-05-16T10:16:09.229Z In(05) vmx hostCPUID level 40000007, 0: 0x80000007 0x0000000b 0x00000000 0x00000000
2024-05-16T10:16:09.229Z In(05) vmx hostCPUID level 40000008, 0: 0x00000000 0x00000000 0x00000000 0x00000000
2024-05-16T10:16:09.229Z In(05) vmx hostCPUID level 40000009, 0: 0x00000000 0x00000000 0x00000000 0x00000000
2024-05-16T10:16:09.229Z In(05) vmx hostCPUID level 4000000a, 0: 0x00000000 0x00000000 0x00000000 0x00000000
2024-05-16T10:16:09.229Z In(05) vmx hostCPUID level 4000000b, 0: 0x00000000 0x00000000 0x00000000 0x00000000
2024-05-16T10:16:09.229Z In(05) vmx hostCPUID level 4000000c, 0: 0x00000000 0x00000000 0x00000000 0x00000000
2024-05-16T10:16:09.229Z In(05) vmx hostCPUID level 80000000, 0: 0x80000008 0x00000000 0x00000000 0x00000000
2024-05-16T10:16:09.229Z In(05) vmx hostCPUID level 80000001, 0: 0x00000000 0x00000000 0x00000121 0x2c100800
2024-05-16T10:16:09.229Z In(05) vmx hostCPUID level 80000002, 0: 0x68743131 0x6e654720 0x746e4920 0x52286c65
2024-05-16T10:16:09.229Z In(05) vmx hostCPUID level 80000003, 0: 0x6f432029 0x54286572 0x6920294d 0x31312d37
2024-05-16T10:16:09.229Z In(05) vmx hostCPUID level 80000004, 0: 0x48303038 0x32204020 0x4730332e 0x00007a48
2024-05-16T10:16:09.229Z In(05) vmx hostCPUID level 80000005, 0: 0x00000000 0x00000000 0x00000000 0x00000000
2024-05-16T10:16:09.229Z In(05) vmx hostCPUID level 80000006, 0: 0x00000000 0x00000000 0x01007040 0x00000000
2024-05-16T10:16:09.229Z In(05) vmx hostCPUID level 80000007, 0: 0x00000000 0x00000000 0x00000000 0x00000100
2024-05-16T10:16:09.229Z In(05) vmx hostCPUID level 80000008, 0: 0x00003027 0x00000000 0x00000000 0x00000000
2024-05-16T10:16:09.229Z In(05) vmx CPUID differences from hostCPUID.
2024-05-16T10:16:09.229Z In(05) vmx Physical APIC IDs: 0-15
2024-05-16T10:16:09.229Z In(05) vmx Physical X2APIC IDs: 0-15
2024-05-16T10:16:09.229Z In(05) vmx Common: MSR       0x3a =                  0
2024-05-16T10:16:09.229Z In(05) vmx Common: MSR      0x480 =                  0
2024-05-16T10:16:09.229Z In(05) vmx Common: MSR      0x481 =                  0
2024-05-16T10:16:09.229Z In(05) vmx Common: MSR      0x482 =                  0
2024-05-16T10:16:09.229Z In(05) vmx Common: MSR      0x483 =                  0
2024-05-16T10:16:09.229Z In(05) vmx Common: MSR      0x484 =                  0
2024-05-16T10:16:09.229Z In(05) vmx Common: MSR      0x485 =                  0
2024-05-16T10:16:09.229Z In(05) vmx Common: MSR      0x486 =                  0
2024-05-16T10:16:09.229Z In(05) vmx Common: MSR      0x487 =                  0
2024-05-16T10:16:09.229Z In(05) vmx Common: MSR      0x488 =                  0
2024-05-16T10:16:09.229Z In(05) vmx Common: MSR      0x489 =                  0
2024-05-16T10:16:09.229Z In(05) vmx Common: MSR      0x48a =                  0
2024-05-16T10:16:09.229Z In(05) vmx Common: MSR      0x48b =                  0
2024-05-16T10:16:09.229Z In(05) vmx Common: MSR      0x48c =                  0
2024-05-16T10:16:09.229Z In(05) vmx Common: MSR      0x48d =                  0
2024-05-16T10:16:09.229Z In(05) vmx Common: MSR      0x48e =                  0
2024-05-16T10:16:09.229Z In(05) vmx Common: MSR      0x48f =                  0
2024-05-16T10:16:09.229Z In(05) vmx Common: MSR      0x490 =                  0
2024-05-16T10:16:09.229Z In(05) vmx Common: MSR      0x491 =                  0
2024-05-16T10:16:09.229Z In(05) vmx Common: MSR      0x492 =                  0
2024-05-16T10:16:09.229Z In(05) vmx Common: MSR 0xc0010114 =                  0
2024-05-16T10:16:09.229Z In(05) vmx Common: MSR       0xce =         0x80000000
2024-05-16T10:16:09.229Z In(05) vmx Common: MSR      0x10a =               0x6f
2024-05-16T10:16:09.229Z In(05) vmx Common: MSR      0x122 =                  0
2024-05-16T10:16:09.229Z In(05) vmx TSC Hz estimates: vmmon 0, remembered 0, osReported 0. Using 2303993564 Hz.
2024-05-16T10:16:09.229Z In(05) vmx PTSC: RefClockToPTSC 0 @ 10000000Hz -> 0 @ 2303993564Hz
2024-05-16T10:16:09.229Z In(05) vmx PTSC: RefClockToPTSC ((x * 3865459769) >> 24) + -2485683537015
2024-05-16T10:16:09.229Z In(05) vmx PTSC: tscOffset 0
2024-05-16T10:16:09.229Z In(05) vmx PTSC: using user-level reference clock
2024-05-16T10:16:09.229Z In(05) vmx PTSC: hardware TSCs are synchronized.
2024-05-16T10:16:09.229Z In(05) vmx PTSC: hardware TSCs may have been adjusted by the host.
2024-05-16T10:16:09.229Z In(05) vmx PTSC: current PTSC=113586
2024-05-16T10:16:09.245Z In(05) vmx WQPoolAllocPoll : pollIx = 3, signalHandle = 952
2024-05-16T10:16:09.260Z In(05) vmx ConfigCheck: No rules file found. Checks are disabled.
2024-05-16T10:16:09.260Z In(05) vmx changing directory to C:\Users\kesec\Downloads\Kioptix Level 1\.
2024-05-16T10:16:09.260Z In(05) vmx Config file: C:\Users\kesec\Downloads\Kioptix Level 1\Kioptix Level 1.vmx
2024-05-16T10:16:09.260Z In(05) vmx Vix: [mainDispatch.c:4212]: VMAutomation_ReportPowerOpFinished: statevar=1, newAppState=1873, success=1 additionalError=0
2024-05-16T10:16:09.260Z In(05) vmx Vix: [mainDispatch.c:4212]: VMAutomation_ReportPowerOpFinished: statevar=2, newAppState=1878, success=1 additionalError=0
2024-05-16T10:16:09.260Z In(05) vmx LogRotation: Rotating to a new log file (keepOld 3) took 0.000057 seconds.
2024-05-16T10:16:09.276Z No(00) vmx LogVMXReplace: Successful switching from temporary to permanent log file took 0.007636 seconds.
2024-05-16T10:16:09.292Z No(00) vmx ConfigDB: Setting ethernet0.connectionType = "bridged"
2024-05-16T10:16:09.302Z Wa(03) vmx PowerOn
2024-05-16T10:16:09.302Z In(05) vmx VMX_PowerOn: VMX build 23298084, UI build 23298084
2024-05-16T10:16:09.302Z In(05) vmx HostWin32: WIN32 NUMA node 0, CPU mask 0x000000000000ffff
2024-05-16T10:16:09.308Z In(05) vmx Vix: [mainDispatch.c:4212]: VMAutomation_ReportPowerOpFinished: statevar=0, newAppState=1871, success=1 additionalError=0
2024-05-16T10:16:09.308Z No(00) vmx ConfigDB: Setting vmxstats.filename = "Kioptix Level 1.scoreboard"
2024-05-16T10:16:09.308Z In(05) vmx VMXSTATS: Successfully created stats file 'Kioptix Level 1.scoreboard'
2024-05-16T10:16:09.308Z In(05) vmx VMXSTATS: Update Product Information: VMware Workstation	17.5.1	build-23298084	Release  TotalBlockSize: 56
2024-05-16T10:16:09.308Z In(05) vmx HOST Windows version 10.0, build 22631, platform 2, ""
2024-05-16T10:16:09.308Z In(05) vmx DICT --- GLOBAL SETTINGS C:\ProgramData\VMware\VMware Workstation\settings.ini
2024-05-16T10:16:09.308Z In(05) vmx DICT          printers.enabled = "FALSE"
2024-05-16T10:16:09.308Z In(05) vmx DICT --- NON PERSISTENT (null)
2024-05-16T10:16:09.308Z In(05) vmx DICT --- USER PREFERENCES C:\Users\kesec\AppData\Roaming\VMware\preferences.ini
2024-05-16T10:16:09.308Z In(05) vmx DICT pref.keyboardAndMouse.vmHotKey.enabled = "FALSE"
2024-05-16T10:16:09.308Z In(05) vmx DICT pref.keyboardAndMouse.vmHotKey.count = "0"
2024-05-16T10:16:09.308Z In(05) vmx DICT pref.ws.session.window.count = "1"
2024-05-16T10:16:09.308Z In(05) vmx DICT pref.ws.session.window0.tab.count = "2"
2024-05-16T10:16:09.308Z In(05) vmx DICT pref.ws.session.window0.tab0.cnxType = "vmdb"
2024-05-16T10:16:09.308Z In(05) vmx DICT pref.ws.session.window0.tab1.cnxType = "vmdb"
2024-05-16T10:16:09.308Z In(05) vmx DICT pref.ws.session.window0.sidebar = "FALSE"
2024-05-16T10:16:09.308Z In(05) vmx DICT pref.ws.session.window0.sidebar.width = "200"
2024-05-16T10:16:09.308Z In(05) vmx DICT pref.ws.session.window0.statusBar = "TRUE"
2024-05-16T10:16:09.308Z In(05) vmx DICT pref.ws.session.window0.tabs = "TRUE"
2024-05-16T10:16:09.308Z In(05) vmx DICT pref.ws.session.window0.thumbnailBar = "FALSE"
2024-05-16T10:16:09.308Z In(05) vmx DICT pref.ws.session.window0.thumbnailBar.size = "100"
2024-05-16T10:16:09.308Z In(05) vmx DICT pref.ws.session.window0.thumbnailBar.view = "opened-vms"
2024-05-16T10:16:09.308Z In(05) vmx DICT pref.ws.session.window0.placement.left = "104"
2024-05-16T10:16:09.308Z In(05) vmx DICT pref.ws.session.window0.placement.top = "104"
2024-05-16T10:16:09.308Z In(05) vmx DICT pref.ws.session.window0.placement.right = "948"
2024-05-16T10:16:09.308Z In(05) vmx DICT pref.ws.session.window0.placement.bottom = "697"
2024-05-16T10:16:09.308Z In(05) vmx DICT pref.ws.session.window0.maximized = "FALSE"
2024-05-16T10:16:09.308Z In(05) vmx DICT hint.loader.mitigations.wsAndFusion = "FALSE"
2024-05-16T10:16:09.308Z In(05) vmx DICT             hints.hideAll = "FALSE"
2024-05-16T10:16:09.308Z In(05) vmx DICT  pref.fullscreen.autohide = "FALSE"
2024-05-16T10:16:09.308Z In(05) vmx DICT pref.ws.session.window0.tab0.dest = ""
2024-05-16T10:16:09.308Z In(05) vmx DICT pref.ws.session.window0.tab0.file = ""
2024-05-16T10:16:09.308Z In(05) vmx DICT pref.ws.session.window0.tab0.type = "home"
2024-05-16T10:16:09.308Z In(05) vmx DICT pref.ws.session.window0.tab0.focused = "FALSE"
2024-05-16T10:16:09.308Z In(05) vmx DICT pref.ws.session.window0.tab1.dest = ""
2024-05-16T10:16:09.308Z In(05) vmx DICT pref.ws.session.window0.tab1.file = "C:\Users\kesec\Downloads\kali-linux-2024.1-vmware-amd64\kali-linux-2024.1-vmware-amd64.vmwarevm\kali-linux-2024.1-vmware-amd64.vmx"
2024-05-16T10:16:09.308Z In(05) vmx DICT pref.ws.session.window0.tab1.type = "vm"
2024-05-16T10:16:09.308Z In(05) vmx DICT pref.ws.session.window0.tab1.focused = "TRUE"
2024-05-16T10:16:09.308Z In(05) vmx DICT --- USER DEFAULTS C:\Users\kesec\AppData\Roaming\VMware\config.ini
2024-05-16T10:16:09.308Z In(05) vmx DICT --- HOST DEFAULTS C:\ProgramData\VMware\VMware Workstation\config.ini
2024-05-16T10:16:09.308Z In(05) vmx DICT         authd.client.port = "902"
2024-05-16T10:16:09.308Z In(05) vmx DICT           authd.proxy.nfc = "vmware-hostd:ha-nfc"
2024-05-16T10:16:09.308Z In(05) vmx DICT installerDefaults.autoSoftwareUpdateEnabled = "no"
2024-05-16T10:16:09.308Z In(05) vmx DICT installerDefaults.autoSoftwareUpdateEnabled.epoch = "14021"
2024-05-16T10:16:09.308Z In(05) vmx DICT installerDefaults.componentDownloadEnabled = "yes"
2024-05-16T10:16:09.308Z In(05) vmx DICT installerDefaults.dataCollectionEnabled = "no"
2024-05-16T10:16:09.308Z In(05) vmx DICT installerDefaults.dataCollectionEnabled.epoch = "14021"
2024-05-16T10:16:09.308Z In(05) vmx DICT --- SITE DEFAULTS C:\ProgramData\VMware\VMware Workstation\config.ini
2024-05-16T10:16:09.308Z In(05) vmx DICT         authd.client.port = "902"
2024-05-16T10:16:09.308Z In(05) vmx DICT           authd.proxy.nfc = "vmware-hostd:ha-nfc"
2024-05-16T10:16:09.308Z In(05) vmx DICT installerDefaults.autoSoftwareUpdateEnabled = "no"
2024-05-16T10:16:09.308Z In(05) vmx DICT installerDefaults.autoSoftwareUpdateEnabled.epoch = "14021"
2024-05-16T10:16:09.308Z In(05) vmx DICT installerDefaults.componentDownloadEnabled = "yes"
2024-05-16T10:16:09.308Z In(05) vmx DICT installerDefaults.dataCollectionEnabled = "no"
2024-05-16T10:16:09.308Z In(05) vmx DICT installerDefaults.dataCollectionEnabled.epoch = "14021"
2024-05-16T10:16:09.308Z In(05) vmx DICT --- NONPERSISTENT
2024-05-16T10:16:09.308Z In(05) vmx DICT            vmx.stdio.keep = "TRUE"
2024-05-16T10:16:09.308Z In(05) vmx DICT             gui.available = "TRUE"
2024-05-16T10:16:09.308Z In(05) vmx DICT --- COMMAND LINE
2024-05-16T10:16:09.308Z In(05) vmx DICT            vmx.stdio.keep = "TRUE"
2024-05-16T10:16:09.308Z In(05) vmx DICT             gui.available = "TRUE"
2024-05-16T10:16:09.308Z In(05) vmx DICT --- RECORDING
2024-05-16T10:16:09.308Z In(05) vmx DICT            vmx.stdio.keep = "TRUE"
2024-05-16T10:16:09.308Z In(05) vmx DICT             gui.available = "TRUE"
2024-05-16T10:16:09.308Z In(05) vmx DICT --- CONFIGURATION C:\Users\kesec\Downloads\Kioptix Level 1\Kioptix Level 1.vmx 
2024-05-16T10:16:09.308Z In(05) vmx DICT            config.version = "8"
2024-05-16T10:16:09.308Z In(05) vmx DICT         virtualHW.version = "7"
2024-05-16T10:16:09.308Z In(05) vmx DICT           floppy0.present = "FALSE"
2024-05-16T10:16:09.308Z In(05) vmx DICT              mks.enable3d = "TRUE"
2024-05-16T10:16:09.308Z In(05) vmx DICT        pciBridge0.present = "TRUE"
2024-05-16T10:16:09.308Z In(05) vmx DICT        pciBridge4.present = "TRUE"
2024-05-16T10:16:09.308Z In(05) vmx DICT     pciBridge4.virtualDev = "pcieRootPort"
2024-05-16T10:16:09.308Z In(05) vmx DICT      pciBridge4.functions = "8"
2024-05-16T10:16:09.308Z In(05) vmx DICT        pciBridge5.present = "TRUE"
2024-05-16T10:16:09.308Z In(05) vmx DICT     pciBridge5.virtualDev = "pcieRootPort"
2024-05-16T10:16:09.308Z In(05) vmx DICT      pciBridge5.functions = "8"
2024-05-16T10:16:09.308Z In(05) vmx DICT        pciBridge6.present = "TRUE"
2024-05-16T10:16:09.308Z In(05) vmx DICT     pciBridge6.virtualDev = "pcieRootPort"
2024-05-16T10:16:09.308Z In(05) vmx DICT      pciBridge6.functions = "8"
2024-05-16T10:16:09.308Z In(05) vmx DICT        pciBridge7.present = "TRUE"
2024-05-16T10:16:09.308Z In(05) vmx DICT     pciBridge7.virtualDev = "pcieRootPort"
2024-05-16T10:16:09.308Z In(05) vmx DICT      pciBridge7.functions = "8"
2024-05-16T10:16:09.308Z In(05) vmx DICT             vmci0.present = "TRUE"
2024-05-16T10:16:09.308Z In(05) vmx DICT                     nvram = "Kioptix Level 1.nvram"
2024-05-16T10:16:09.308Z In(05) vmx DICT virtualHW.productCompatibility = "hosted"
2024-05-16T10:16:09.308Z In(05) vmx DICT     ft.secondary0.enabled = "TRUE"
2024-05-16T10:16:09.308Z In(05) vmx DICT        powerType.powerOff = "soft"
2024-05-16T10:16:09.308Z In(05) vmx DICT         powerType.powerOn = "hard"
2024-05-16T10:16:09.308Z In(05) vmx DICT         powerType.suspend = "hard"
2024-05-16T10:16:09.308Z In(05) vmx DICT           powerType.reset = "soft"
2024-05-16T10:16:09.308Z In(05) vmx DICT               displayName = "Kioptrix Level 1"
2024-05-16T10:16:09.308Z In(05) vmx DICT        extendedConfigFile = "Kioptix Level 1.vmxf"
2024-05-16T10:16:09.308Z In(05) vmx DICT                   memsize = "64"
2024-05-16T10:16:09.308Z In(05) vmx DICT            ide1:0.present = "FALSE"
2024-05-16T10:16:09.308Z In(05) vmx DICT           ide1:0.fileName = "F:"
2024-05-16T10:16:09.308Z In(05) vmx DICT         ide1:0.deviceType = "atapi-cdrom"
2024-05-16T10:16:09.308Z In(05) vmx DICT ide1:0.allowGuestConnectionControl = "FALSE"
2024-05-16T10:16:09.308Z In(05) vmx DICT            ide1:1.present = "FALSE"
2024-05-16T10:16:09.308Z In(05) vmx DICT           ide1:1.fileName = "Kioptix Level 1.vmdk"
2024-05-16T10:16:09.308Z In(05) vmx DICT       ide1:1.writeThrough = "TRUE"
2024-05-16T10:16:09.308Z In(05) vmx DICT         ethernet0.present = "TRUE"
2024-05-16T10:16:09.308Z In(05) vmx DICT ethernet0.allowGuestConnectionControl = "FALSE"
2024-05-16T10:16:09.308Z In(05) vmx DICT        ethernet0.features = "1"
2024-05-16T10:16:09.308Z In(05) vmx DICT   ethernet0.wakeOnPcktRcv = "FALSE"
2024-05-16T10:16:09.308Z In(05) vmx DICT     ethernet0.networkName = "NAT"
2024-05-16T10:16:09.308Z In(05) vmx DICT     ethernet0.addressType = "generated"
2024-05-16T10:16:09.308Z In(05) vmx DICT                   guestOS = "other24xlinux"
2024-05-16T10:16:09.308Z In(05) vmx DICT             uuid.location = "56 4d f8 a6 70 a4 8d 9d-f6 b1 74 de ea 7c 3a 16"
2024-05-16T10:16:09.308Z In(05) vmx DICT                 uuid.bios = "56 4d f8 a6 70 a4 8d 9d-f6 b1 74 de ea 7c 3a 16"
2024-05-16T10:16:09.308Z In(05) vmx DICT                   vc.uuid = "52 77 3c 2e 12 81 3a 68-25 23 b3 92 4e 8e 01 ff"
2024-05-16T10:16:09.308Z In(05) vmx DICT ethernet0.generatedAddress = "00:0C:29:7C:3A:16"
2024-05-16T10:16:09.308Z In(05) vmx DICT               ide1:1.redo = ""
2024-05-16T10:16:09.308Z In(05) vmx DICT  vmotion.checkpointFBSize = "134217728"
2024-05-16T10:16:09.308Z In(05) vmx DICT  pciBridge0.pciSlotNumber = "17"
2024-05-16T10:16:09.308Z In(05) vmx DICT  pciBridge4.pciSlotNumber = "21"
2024-05-16T10:16:09.308Z In(05) vmx DICT  pciBridge5.pciSlotNumber = "22"
2024-05-16T10:16:09.308Z In(05) vmx DICT  pciBridge6.pciSlotNumber = "23"
2024-05-16T10:16:09.308Z In(05) vmx DICT  pciBridge7.pciSlotNumber = "24"
2024-05-16T10:16:09.308Z In(05) vmx DICT   ethernet0.pciSlotNumber = "32"
2024-05-16T10:16:09.308Z In(05) vmx DICT       vmci0.pciSlotNumber = "33"
2024-05-16T10:16:09.308Z In(05) vmx DICT ethernet0.generatedAddressOffset = "0"
2024-05-16T10:16:09.308Z In(05) vmx DICT                  vmci0.id = "-360957418"
2024-05-16T10:16:09.308Z In(05) vmx DICT            ide0:0.present = "TRUE"
2024-05-16T10:16:09.308Z In(05) vmx DICT           ide0:0.fileName = "Kioptix Level 1.vmdk"
2024-05-16T10:16:09.308Z In(05) vmx DICT       ide0:0.writeThrough = "TRUE"
2024-05-16T10:16:09.308Z In(05) vmx DICT               ide0:0.redo = ""
2024-05-16T10:16:09.308Z In(05) vmx DICT       tools.remindInstall = "TRUE"
2024-05-16T10:16:09.308Z In(05) vmx DICT            tools.syncTime = "FALSE"
2024-05-16T10:16:09.308Z In(05) vmx DICT     ide1:0.startConnected = "FALSE"
2024-05-16T10:16:09.308Z In(05) vmx DICT  ethernet0.connectionType = "bridged"
2024-05-16T10:16:09.308Z In(05) vmx DICT         vmxstats.filename = "Kioptix Level 1.scoreboard"
2024-05-16T10:16:09.308Z In(05) vmx DICT --- USER DEFAULTS C:\Users\kesec\AppData\Roaming\VMware\config.ini 
2024-05-16T10:16:09.308Z In(05) vmx DICT --- HOST DEFAULTS C:\ProgramData\VMware\VMware Workstation\config.ini 
2024-05-16T10:16:09.308Z In(05) vmx DICT         authd.client.port = "902"
2024-05-16T10:16:09.308Z In(05) vmx DICT           authd.proxy.nfc = "vmware-hostd:ha-nfc"
2024-05-16T10:16:09.308Z In(05) vmx DICT installerDefaults.autoSoftwareUpdateEnabled = "no"
2024-05-16T10:16:09.308Z In(05) vmx DICT installerDefaults.autoSoftwareUpdateEnabled.epoch = "14021"
2024-05-16T10:16:09.308Z In(05) vmx DICT installerDefaults.componentDownloadEnabled = "yes"
2024-05-16T10:16:09.308Z In(05) vmx DICT installerDefaults.dataCollectionEnabled = "no"
2024-05-16T10:16:09.308Z In(05) vmx DICT installerDefaults.dataCollectionEnabled.epoch = "14021"
2024-05-16T10:16:09.308Z In(05) vmx DICT --- SITE DEFAULTS C:\ProgramData\VMware\VMware Workstation\config.ini 
2024-05-16T10:16:09.308Z In(05) vmx DICT         authd.client.port = "902"
2024-05-16T10:16:09.308Z In(05) vmx DICT           authd.proxy.nfc = "vmware-hostd:ha-nfc"
2024-05-16T10:16:09.308Z In(05) vmx DICT installerDefaults.autoSoftwareUpdateEnabled = "no"
2024-05-16T10:16:09.308Z In(05) vmx DICT installerDefaults.autoSoftwareUpdateEnabled.epoch = "14021"
2024-05-16T10:16:09.308Z In(05) vmx DICT installerDefaults.componentDownloadEnabled = "yes"
2024-05-16T10:16:09.308Z In(05) vmx DICT installerDefaults.dataCollectionEnabled = "no"
2024-05-16T10:16:09.308Z In(05) vmx DICT installerDefaults.dataCollectionEnabled.epoch = "14021"
2024-05-16T10:16:09.308Z In(05) vmx DICT --- GLOBAL SETTINGS C:\ProgramData\VMware\VMware Workstation\settings.ini 
2024-05-16T10:16:09.308Z In(05) vmx DICT          printers.enabled = "FALSE"
2024-05-16T10:16:09.308Z In(05) vmx VMXSTATS: Registering 1 stats: vmx.diskLibDataVmdkOpenTime
2024-05-16T10:16:09.308Z In(05) vmx VMXSTATS: Registering 2 stats: vmx.diskLibDataVmdkOpenTime
2024-05-16T10:16:09.308Z In(05) vmx VMXSTATS: Registering 3 stats: vmx.diskLibDataVmdkGrowTime
2024-05-16T10:16:09.308Z In(05) vmx VMXSTATS: Registering 4 stats: vmx.diskLibDataVmdkGrowTime
2024-05-16T10:16:09.308Z In(05) vmx VMXSTATS: Registering 5 stats: vmx.diskLibDigestVmdkOpenTime
2024-05-16T10:16:09.308Z In(05) vmx VMXSTATS: Registering 6 stats: vmx.diskLibDigestVmdkOpenTime
2024-05-16T10:16:09.308Z In(05) vmx VMXSTATS: Registering 7 stats: vmx.diskLibDigestVmdkGrowTime
2024-05-16T10:16:09.308Z In(05) vmx VMXSTATS: Registering 8 stats: vmx.diskLibDigestVmdkGrowTime
2024-05-16T10:16:09.308Z In(05) vmx VMXSTATS: Registering 9 stats: vmx.diskLibDigestFileDataGrowTime
2024-05-16T10:16:09.308Z In(05) vmx VMXSTATS: Registering 10 stats: vmx.diskLibDigestFileDataGrowTime
2024-05-16T10:16:09.308Z In(05) vmx VMXSTATS: Registering 11 stats: vmx.digestLibOpenIntTime
2024-05-16T10:16:09.308Z In(05) vmx VMXSTATS: Registering 12 stats: vmx.digestLibOpenIntTime
2024-05-16T10:16:09.308Z In(05) vmx VMXSTATS: Registering 13 stats: vmx.diskLibDataVmdkCloseTime
2024-05-16T10:16:09.308Z In(05) vmx VMXSTATS: Registering 14 stats: vmx.diskLibDataVmdkCloseTime
2024-05-16T10:16:09.308Z In(05) vmx VMXSTATS: Registering 15 stats: vmx.diskLibDigestVmdkCloseTime
2024-05-16T10:16:09.308Z In(05) vmx VMXSTATS: Registering 16 stats: vmx.diskLibDigestVmdkCloseTime
2024-05-16T10:16:09.308Z In(05) vmx VMXSTATS: Registering 17 stats: vmx.diskLibVmdkCreateTime
2024-05-16T10:16:09.308Z In(05) vmx VMXSTATS: Registering 18 stats: vmx.diskLibVmdkCreateTime
2024-05-16T10:16:09.308Z In(05) vmx VMXSTATS: Registering 19 stats: vmx.diskLibChildVmdkCreateTime
2024-05-16T10:16:09.308Z In(05) vmx VMXSTATS: Registering 20 stats: vmx.diskLibChildVmdkCreateTime
2024-05-16T10:16:09.308Z In(05) vmx VMXSTATS: Registering 21 stats: vmx.snapshotCreateTime
2024-05-16T10:16:09.308Z In(05) vmx VMXSTATS: Registering 22 stats: vmx.snapshotCreateTime
2024-05-16T10:16:09.308Z In(05) vmx VMXSTATS: Registering 23 stats: vmx.snapshotCreateQuiescedTime
2024-05-16T10:16:09.308Z In(05) vmx VMXSTATS: Registering 24 stats: vmx.snapshotCreateQuiescedTime
2024-05-16T10:16:09.308Z In(05) vmx VMXSTATS: Registering 25 stats: vmx.snapshotCreateMemoryTime
2024-05-16T10:16:09.308Z In(05) vmx VMXSTATS: Registering 26 stats: vmx.snapshotCreateMemoryTime
2024-05-16T10:16:09.308Z In(05) vmx VMXSTATS: Registering 27 stats: vmx.snapshotDeleteTime
2024-05-16T10:16:09.308Z In(05) vmx VMXSTATS: Registering 28 stats: vmx.snapshotDeleteTime
2024-05-16T10:16:09.308Z In(05) vmx VMXSTATS: Registering 29 stats: vmx.snapshotConsolidateTime
2024-05-16T10:16:09.308Z In(05) vmx VMXSTATS: Registering 30 stats: vmx.snapshotConsolidateTime
2024-05-16T10:16:09.308Z In(05) vmx VMXSTATS: Registering 31 stats: vmx.checkpointStunTime
2024-05-16T10:16:09.308Z In(05) vmx VMXSTATS: Registering 32 stats: vmx.checkpointStunTime
2024-05-16T10:16:09.308Z In(05) vmx VMXSTATS: Registering 33 stats: vmx.setPolicyTime
2024-05-16T10:16:09.308Z In(05) vmx VMXSTATS: Registering 34 stats: vmx.setPolicyTime
2024-05-16T10:16:09.308Z In(05) vmx VMXSTATS: Registering 35 stats: vmx.filtlibApplyDiskConfigTime
2024-05-16T10:16:09.308Z In(05) vmx VMXSTATS: Registering 36 stats: vmx.filtlibApplyDiskConfigTime
2024-05-16T10:16:09.308Z In(05) vmx VMXSTATS: Registering 37 stats: vmx.diskLibGetInfoTime
2024-05-16T10:16:09.308Z In(05) vmx VMXSTATS: Registering 38 stats: vmx.diskLibGetInfoTime
2024-05-16T10:16:09.308Z In(05) vmx VMXSTATS: Registering 39 stats: vmx.diskLibDigestGetInfoTime
2024-05-16T10:16:09.308Z In(05) vmx VMXSTATS: Registering 40 stats: vmx.diskLibDigestGetInfoTime
2024-05-16T10:16:09.308Z In(05) vmx Powering on guestOS 'other24xlinux' using the configuration for 'other24xlinux'.
2024-05-16T10:16:09.308Z In(05) vmx ToolsISO: open of C:\Program Files (x86)\VMware\VMware Workstation\isoimages_manifest.txt.sig failed: Could not find the file
2024-05-16T10:16:09.308Z In(05) vmx ToolsISO: Unable to read signature file 'C:\Program Files (x86)\VMware\VMware Workstation\isoimages_manifest.txt.sig', ignoring.
2024-05-16T10:16:09.308Z In(05) vmx ToolsISO: Updated cached value for imageName to 'linuxPreGlibc25.iso'.
2024-05-16T10:16:09.308Z In(05) vmx ToolsISO: Selected Tools ISO 'linuxPreGlibc25.iso' for 'other24xlinux' guest.
2024-05-16T10:16:09.308Z In(05) vmx Vix: [mainDispatch.c:4212]: VMAutomation_ReportPowerOpFinished: statevar=1, newAppState=1873, success=1 additionalError=0
2024-05-16T10:16:09.308Z In(05) vmx DEVSWAP: GuestOS does not require LSI adapter swap.
2024-05-16T10:16:09.308Z In(05) vmx Monitor Mode: ULM
2024-05-16T10:16:09.308Z In(05) vmx MsgHint: msg.loader.mitigations.wsAndFusion
2024-05-16T10:16:09.308Z In(05)+ vmx You are running this virtual machine with side channel mitigations enabled. Side channel mitigations provide enhanced security but also lower performance.
2024-05-16T10:16:09.308Z In(05)+ vmx 
2024-05-16T10:16:09.308Z In(05)+ vmx To disable mitigations, change the side channel mitigations setting in the advanced panel of the virtual machine settings. Refer to VMware KB article 79832 at https://kb.vmware.com/s/article/79832 for more details.
2024-05-16T10:16:09.308Z In(05)+ vmx ---------------------------------------
2024-05-16T10:16:09.323Z In(05) vmx OvhdMem_PowerOn: initial admission: paged  1770039 nonpaged    36246 anonymous     4192
2024-05-16T10:16:09.323Z In(05) vmx VMMEM: Initial Reservation: 7072MB (MainMem=64MB)
2024-05-16T10:16:09.323Z In(05) vmx numa: Invalid NUMA cookie.
2024-05-16T10:16:09.323Z No(00) vmx ConfigDB: Setting numa.autosize.cookie = "10001"
2024-05-16T10:16:09.323Z No(00) vmx ConfigDB: Setting numa.autosize.vcpu.maxPerVirtualNode = "1"
2024-05-16T10:16:09.339Z In(05) vmx VMXSTATS: Registering 41 stats: vmx.configWriteMinMaxTime
2024-05-16T10:16:09.339Z In(05) vmx VMXSTATS: Registering 42 stats: vmx.configWriteAvgTime
2024-05-16T10:16:09.339Z In(05) vmx llc: maximum vcpus per LLC: 1
2024-05-16T10:16:09.339Z In(05) vmx llc: vLLC size: 1
2024-05-16T10:16:09.339Z In(05) vmx MemSched_PowerOn: balloon minGuestSize 6553 (80% of min required size 8192)
2024-05-16T10:16:09.339Z In(05) vmx MemSched: reserved mem (in MB) min 128 max 13604 recommended 13604
2024-05-16T10:16:09.339Z In(05) vmx MemSched: pg 1770039 np 36246 anon 4192 mem 16384
2024-05-16T10:16:09.449Z In(05) vmx MemSched: numvm 2 locked pages: num 0 max 3466240
2024-05-16T10:16:09.449Z In(05) vmx MemSched: locked Page Limit: host 3719766 config 3482624
2024-05-16T10:16:09.449Z In(05) vmx MemSched: minmempct 50 minalloc 304310 admitted 1
2024-05-16T10:16:09.449Z In(05) PowerNotifyThread VTHREAD 4924 "PowerNotifyThread"
2024-05-16T10:16:09.449Z In(05) PowerNotifyThread PowerNotify thread is alive.
2024-05-16T10:16:09.449Z In(05) vmx VMXSTATS: Registering 43 stats: vmx.logBytesDropped
2024-05-16T10:16:09.449Z In(05) vmx VMXSTATS: Registering 44 stats: vmx.logMsgsDropped
2024-05-16T10:16:09.449Z In(05) vmx VMXSTATS: Registering 45 stats: vmx.logBytesLogged
2024-05-16T10:16:09.449Z In(05) vmx VMXSTATS: Registering 46 stats: vmx.logWriteMinMaxTime
2024-05-16T10:16:09.449Z In(05) vmx VMXSTATS: Registering 47 stats: vmx.logWriteAvgTime
2024-05-16T10:16:09.465Z In(05) vmx LICENSE using: 'HKEY_LOCAL_MACHINE\SOFTWARE\VMware, Inc.\VMware Workstation\Dormant\License.ws.17.0.e5.202208' 
2024-05-16T10:16:09.465Z In(05) vthread-16872 VTHREAD 16872 "vthread-16872"
2024-05-16T10:16:09.465Z In(05) vmx Win32U_GetFileAttributes: GetFileAttributesExW("C:\Users\kesec\Downloads\Kioptix Level 1\Kioptix Level 1.vmpl", ...) failed, error: 2
2024-05-16T10:16:09.465Z In(05) vmx PolicyVMXFindPolicyKey: policy file does not exist.
2024-05-16T10:16:09.465Z In(05) vmx Win32U_GetFileAttributes: GetFileAttributesExW("C:\Users\kesec\Downloads\Kioptix Level 1\Kioptix Level 1.vmpl", ...) failed, error: 2
2024-05-16T10:16:09.465Z In(05) vmx PolicyVMXFindPolicyKey: policy file does not exist.
2024-05-16T10:16:09.465Z In(05) vmx Host PA size: 39 bits. Guest PA size: 40 bits.
2024-05-16T10:16:09.465Z In(05) vmx ToolsISO: Refreshing imageName for 'other24xlinux' (refreshCount=1, lastCount=1).
2024-05-16T10:16:09.465Z In(05) vmx ToolsISO: open of C:\Program Files (x86)\VMware\VMware Workstation\isoimages_manifest.txt.sig failed: Could not find the file
2024-05-16T10:16:09.465Z In(05) vmx ToolsISO: Unable to read signature file 'C:\Program Files (x86)\VMware\VMware Workstation\isoimages_manifest.txt.sig', ignoring.
2024-05-16T10:16:09.465Z In(05) vmx ToolsISO: Updated cached value for imageName to 'linuxPreGlibc25.iso'.
2024-05-16T10:16:09.465Z In(05) vmx ToolsISO: Selected Tools ISO 'linuxPreGlibc25.iso' for 'other24xlinux' guest.
2024-05-16T10:16:09.465Z In(05) deviceThread VTHREAD 17360 "deviceThread"
2024-05-16T10:16:09.465Z In(05) deviceThread Device thread is alive
2024-05-16T10:16:09.465Z In(05) vmx KHZEstimate 2303994
2024-05-16T10:16:09.465Z In(05) vmx MHZEstimate 2304
2024-05-16T10:16:09.465Z In(05) vmx NumVCPUs 1
2024-05-16T10:16:09.465Z In(05) vmx Msg_Question:
2024-05-16T10:16:09.465Z In(05) vmx [msg.uuid.altered] This virtual machine might have been moved or copied.
2024-05-16T10:16:09.465Z In(05)+ vmx In order to configure certain management and networking features, VMware Workstation needs to know if this virtual machine was moved or copied. 
2024-05-16T10:16:09.465Z In(05)+ vmx 
2024-05-16T10:16:09.465Z In(05)+ vmx If you don't know, answer "I Co_pied It".
2024-05-16T10:16:09.465Z In(05)+ vmx 
2024-05-16T10:16:09.465Z In(05) vmx ----------------------------------------
2024-05-16T10:17:49.174Z In(05) vmx MsgQuestion: msg.uuid.altered reply=0
2024-05-16T10:17:49.174Z In(05) vmx Module 'UUIDVMX' power on failed.
2024-05-16T10:17:49.174Z In(05) vmx VMX_PowerOn: ModuleTable_PowerOn = 0
2024-05-16T10:17:49.174Z In(05) deviceThread Device thread is exiting
2024-05-16T10:17:49.174Z In(05) vmx Vix: [mainDispatch.c:1171]: VMAutomationPowerOff: Powering off.
2024-05-16T10:17:49.174Z In(05) vmx Win32U_GetFileAttributes: GetFileAttributesExW("C:\Users\kesec\Downloads\Kioptix Level 1\Kioptix Level 1.vmpl", ...) failed, error: 2
2024-05-16T10:17:49.174Z In(05) vmx Policy_SavePolicyFile: invalid arguments to function.
2024-05-16T10:17:49.174Z In(05) vmx PolicyVMX_Exit: Could not write out policies: 15.
2024-05-16T10:17:49.174Z In(05) vmx WORKER: asyncOps=0 maxActiveOps=0 maxPending=0 maxCompleted=0
2024-05-16T10:17:49.174Z In(05) PowerNotifyThread PowerNotify thread exiting.
2024-05-16T10:17:49.174Z In(05) vmx Vix: [mainDispatch.c:4212]: VMAutomation_ReportPowerOpFinished: statevar=1, newAppState=1873, success=1 additionalError=0
2024-05-16T10:17:49.174Z In(05) vmx VMXSTATS: Ready to cleanup and munmap 2E7D5520000.
2024-05-16T10:17:49.174Z In(05) vmx 
2024-05-16T10:17:49.174Z In(05)+ vmx Power on failure messages: Failed to start the virtual machine.
2024-05-16T10:17:49.174Z In(05)+ vmx 
2024-05-16T10:17:49.174Z In(05) vmx Vix: [mainDispatch.c:4212]: VMAutomation_ReportPowerOpFinished: statevar=0, newAppState=1870, success=1 additionalError=0
2024-05-16T10:17:49.174Z In(05) vmx Transitioned vmx/execState/val to poweredOff
2024-05-16T10:17:49.174Z In(05) vmx Vix: [mainDispatch.c:4212]: VMAutomation_ReportPowerOpFinished: statevar=0, newAppState=1870, success=0 additionalError=0
2024-05-16T10:17:49.174Z In(05) vmx Vix: [mainDispatch.c:4250]: Error VIX_E_FAIL in VMAutomation_ReportPowerOpFinished(): Unknown error
2024-05-16T10:17:49.174Z In(05) vmx Vix: [mainDispatch.c:4212]: VMAutomation_ReportPowerOpFinished: statevar=0, newAppState=1870, success=1 additionalError=0
2024-05-16T10:17:49.174Z In(05) vmx Transitioned vmx/execState/val to poweredOff
2024-05-16T10:17:49.174Z In(05) vmx WQPoolFreePoll : pollIx = 3, signalHandle = 952
2024-05-16T10:17:49.174Z In(05) vmx Vix: [mainDispatch.c:817]: VMAutomation_LateShutdown()
2024-05-16T10:17:49.174Z In(05) vmx Vix: [mainDispatch.c:772]: VMAutomationCloseListenerSocket. Closing listener socket.
2024-05-16T10:17:49.174Z In(05) vmx Flushing VMX VMDB connections
2024-05-16T10:17:49.174Z In(05) vmx VmdbDbRemoveCnx: Removing Cnx from Db for '/db/connection/#1/'
2024-05-16T10:17:49.174Z In(05) vmx VmdbCnxDisconnect: Disconnect: closed pipe for pub cnx '/db/connection/#1/' (0)
2024-05-16T10:17:49.174Z In(05) vmx VigorTransport_ServerDestroy: server destroyed.
2024-05-16T10:17:49.174Z In(05) vmx WQPoolFreePoll : pollIx = 2, signalHandle = 884
2024-05-16T10:17:49.174Z In(05) vmx WQPoolFreePoll : pollIx = 1, signalHandle = 876
2024-05-16T10:17:49.174Z In(05) vmx VMX exit (0).
2024-05-16T10:17:49.174Z In(05) vmx OBJLIB-LIB: ObjLib cleanup done.
